[
  {
    "comments": [
      {
        "line": 1,
        "value": "#Author: vinesh.c@brillio.com"
      },
      {
        "line": 2,
        "value": "#Keywords Summary :"
      },
      {
        "line": 3,
        "value": "#Feature: List of scenarios."
      },
      {
        "line": 4,
        "value": "#Scenario: Business rule through list of steps with arguments."
      },
      {
        "line": 5,
        "value": "#Given: Some precondition step"
      },
      {
        "line": 6,
        "value": "#When: Some key actions"
      },
      {
        "line": 7,
        "value": "#Then: To observe outcomes or validation"
      },
      {
        "line": 8,
        "value": "#And,But: To enumerate more Given,When,Then steps"
      },
      {
        "line": 9,
        "value": "#Scenario Outline: List of steps for data-driven as an Examples and \u003cplaceholder\u003e"
      },
      {
        "line": 10,
        "value": "#Examples: Container for s table"
      },
      {
        "line": 11,
        "value": "#Background: List of steps run before each of the scenarios"
      },
      {
        "line": 12,
        "value": "#\"\"\" (Doc Strings)"
      },
      {
        "line": 13,
        "value": "#| (Data Tables)"
      },
      {
        "line": 14,
        "value": "#@ (Tags/Labels):To group Scenarios"
      },
      {
        "line": 15,
        "value": "#\u003c\u003e (placeholder)"
      },
      {
        "line": 16,
        "value": "#\"\""
      },
      {
        "line": 17,
        "value": "## (Comments)"
      },
      {
        "line": 18,
        "value": "#Sample Feature Definition Template"
      }
    ],
    "line": 20,
    "elements": [
      {
        "before": [
          {
            "result": {
              "duration": 14596216800,
              "status": "passed"
            },
            "match": {
              "location": "Hook.beforeScenario(Scenario)"
            }
          }
        ],
        "line": 23,
        "name": "Create Account and Verify",
        "description": "",
        "id": "account-creation-and-verify;create-account-and-verify",
        "after": [
          {
            "result": {
              "duration": 14021484300,
              "error_message": "org.openqa.selenium.WebDriverException: chrome not reachable\n  (Session info: chrome\u003d75.0.3770.80)\n  (Driver info: chromedriver\u003d2.42.591088 (7b2b2dca23cca0862f674758c9a3933e685c27d5),platform\u003dWindows NT 10.0.18362 x86_64) (WARNING: The server did not provide any stacktrace information)\nCommand duration or timeout: 14.02 seconds\nBuild info: version: \u00272.53.1\u0027, revision: \u0027a36b8b1cd5757287168e54b817830adce9b0158d\u0027, time: \u00272016-06-30 19:26:09\u0027\nSystem info: host: \u0027BRILAP1765\u0027, ip: \u0027192.168.0.104\u0027, os.name: \u0027Windows 10\u0027, os.arch: \u0027amd64\u0027, os.version: \u002710.0\u0027, java.version: \u00271.8.0_221\u0027\nDriver info: org.openqa.selenium.chrome.ChromeDriver\nCapabilities [{mobileEmulationEnabled\u003dfalse, hasTouchScreen\u003dfalse, platform\u003dXP, acceptSslCerts\u003dfalse, goog:chromeOptions\u003d{debuggerAddress\u003dlocalhost:58622}, acceptInsecureCerts\u003dfalse, webStorageEnabled\u003dtrue, browserName\u003dchrome, takesScreenshot\u003dtrue, javascriptEnabled\u003dtrue, setWindowRect\u003dtrue, unexpectedAlertBehaviour\u003daccept, applicationCacheEnabled\u003dfalse, rotatable\u003dfalse, networkConnectionEnabled\u003dfalse, chrome\u003d{chromedriverVersion\u003d2.42.591088 (7b2b2dca23cca0862f674758c9a3933e685c27d5), userDataDir\u003dC:\\Users\\vinesh.c\\AppData\\Local\\Temp\\scoped_dir28548_26596}, takesHeapSnapshot\u003dtrue, pageLoadStrategy\u003dnormal, databaseEnabled\u003dfalse, handlesAlerts\u003dtrue, version\u003d75.0.3770.80, browserConnectionEnabled\u003dfalse, nativeEvents\u003dtrue, locationContextEnabled\u003dtrue, cssSelectorsEnabled\u003dtrue}]\nSession ID: ae00624e4b0bbe200b388209e88f6676\r\n\tat sun.reflect.NativeConstructorAccessorImpl.newInstance0(Native Method)\r\n\tat sun.reflect.NativeConstructorAccessorImpl.newInstance(NativeConstructorAccessorImpl.java:62)\r\n\tat sun.reflect.DelegatingConstructorAccessorImpl.newInstance(DelegatingConstructorAccessorImpl.java:45)\r\n\tat java.lang.reflect.Constructor.newInstance(Constructor.java:423)\r\n\tat org.openqa.selenium.remote.ErrorHandler.createThrowable(ErrorHandler.java:206)\r\n\tat org.openqa.selenium.remote.ErrorHandler.throwIfResponseFailed(ErrorHandler.java:158)\r\n\tat org.openqa.selenium.remote.RemoteWebDriver.execute(RemoteWebDriver.java:678)\r\n\tat org.openqa.selenium.remote.RemoteWebDriver.execute(RemoteWebDriver.java:701)\r\n\tat org.openqa.selenium.remote.RemoteWebDriver.getScreenshotAs(RemoteWebDriver.java:335)\r\n\tat com.brillio.rwr.stepdefs.Hook.tearDown(Hook.java:69)\r\n\tat sun.reflect.NativeMethodAccessorImpl.invoke0(Native Method)\r\n\tat sun.reflect.NativeMethodAccessorImpl.invoke(NativeMethodAccessorImpl.java:62)\r\n\tat sun.reflect.DelegatingMethodAccessorImpl.invoke(DelegatingMethodAccessorImpl.java:43)\r\n\tat java.lang.reflect.Method.invoke(Method.java:498)\r\n\tat cucumber.runtime.Utils$1.call(Utils.java:40)\r\n\tat cucumber.runtime.Timeout.timeout(Timeout.java:16)\r\n\tat cucumber.runtime.Utils.invoke(Utils.java:34)\r\n\tat cucumber.runtime.java.JavaHookDefinition.execute(JavaHookDefinition.java:60)\r\n\tat cucumber.runtime.Runtime.runHookIfTagsMatch(Runtime.java:224)\r\n\tat cucumber.runtime.Runtime.runHooks(Runtime.java:212)\r\n\tat cucumber.runtime.Runtime.runAfterHooks(Runtime.java:206)\r\n\tat cucumber.runtime.model.CucumberScenario.run(CucumberScenario.java:46)\r\n\tat cucumber.runtime.junit.ExecutionUnitRunner.run(ExecutionUnitRunner.java:102)\r\n\tat cucumber.runtime.junit.FeatureRunner.runChild(FeatureRunner.java:63)\r\n\tat cucumber.runtime.junit.FeatureRunner.runChild(FeatureRunner.java:18)\r\n\tat org.junit.runners.ParentRunner$3.run(ParentRunner.java:290)\r\n\tat org.junit.runners.ParentRunner$1.schedule(ParentRunner.java:71)\r\n\tat org.junit.runners.ParentRunner.runChildren(ParentRunner.java:288)\r\n\tat org.junit.runners.ParentRunner.access$000(ParentRunner.java:58)\r\n\tat org.junit.runners.ParentRunner$2.evaluate(ParentRunner.java:268)\r\n\tat org.junit.runners.ParentRunner.run(ParentRunner.java:363)\r\n\tat cucumber.runtime.junit.FeatureRunner.run(FeatureRunner.java:70)\r\n\tat cucumber.api.junit.Cucumber.runChild(Cucumber.java:95)\r\n\tat cucumber.api.junit.Cucumber.runChild(Cucumber.java:38)\r\n\tat org.junit.runners.ParentRunner$3.run(ParentRunner.java:290)\r\n\tat org.junit.runners.ParentRunner$1.schedule(ParentRunner.java:71)\r\n\tat org.junit.runners.ParentRunner.runChildren(ParentRunner.java:288)\r\n\tat org.junit.runners.ParentRunner.access$000(ParentRunner.java:58)\r\n\tat org.junit.runners.ParentRunner$2.evaluate(ParentRunner.java:268)\r\n\tat org.junit.runners.ParentRunner.run(ParentRunner.java:363)\r\n\tat cucumber.api.junit.Cucumber.run(Cucumber.java:100)\r\n\tat org.eclipse.jdt.internal.junit4.runner.JUnit4TestReference.run(JUnit4TestReference.java:86)\r\n\tat org.eclipse.jdt.internal.junit.runner.TestExecution.run(TestExecution.java:38)\r\n\tat org.eclipse.jdt.internal.junit.runner.RemoteTestRunner.runTests(RemoteTestRunner.java:459)\r\n\tat org.eclipse.jdt.internal.junit.runner.RemoteTestRunner.runTests(RemoteTestRunner.java:678)\r\n\tat org.eclipse.jdt.internal.junit.runner.RemoteTestRunner.run(RemoteTestRunner.java:382)\r\n\tat org.eclipse.jdt.internal.junit.runner.RemoteTestRunner.main(RemoteTestRunner.java:192)\r\n",
              "status": "failed"
            },
            "match": {
              "location": "Hook.tearDown(Scenario)"
            }
          }
        ],
        "type": "scenario",
        "keyword": "Scenario",
        "steps": [
          {
            "result": {
              "duration": 133854200,
              "status": "passed"
            },
            "line": 24,
            "name": "Navigate to Salesforce Login URL",
            "match": {
              "location": "LoginAndVerify.navigate_to_salesforce_login_url()"
            },
            "keyword": "Given "
          },
          {
            "result": {
              "duration": 433723100,
              "status": "passed"
            },
            "line": 25,
            "name": "Enter the \"username\" and \"password\"",
            "match": {
              "arguments": [
                {
                  "val": "username",
                  "offset": 11
                },
                {
                  "val": "password",
                  "offset": 26
                }
              ],
              "location": "LoginAndVerify.enter_the_something_and_something(String,String)"
            },
            "keyword": "When "
          },
          {
            "result": {
              "duration": 19863687400,
              "status": "passed"
            },
            "line": 26,
            "name": "Click on the Login button",
            "match": {
              "location": "LoginAndVerify.click_on_the_login_button()"
            },
            "keyword": "Then "
          },
          {
            "result": {
              "duration": 16429433000,
              "status": "passed"
            },
            "comments": [
              {
                "line": 27,
                "value": "#And Click on Applauncher and search app and select the app"
              }
            ],
            "line": 28,
            "name": "Click on Account Tab and click on New button",
            "match": {
              "location": "AccountCreationandVerify.click_on_account_tab_and_click_on_new_button()"
            },
            "keyword": "And "
          },
          {
            "result": {
              "duration": 5584216700,
              "status": "passed"
            },
            "line": 29,
            "name": "Create an account by providing account name",
            "match": {
              "location": "AccountCreationandVerify.create_an_account_by_providing_account_name()"
            },
            "keyword": "And "
          },
          {
            "result": {
              "duration": 100667458900,
              "error_message": "com.automation.framework.exceptions.WebAdaptorException: java.lang.Throwable: clickOnAccountsDetailTab is unsuccessful\r\n\tat com.brillio.rwr.pageobjects.AccountPage.clickOnAccountsDetailTab(AccountPage.java:106)\r\n\tat com.brillio.rwr.stepdefs.AccountCreationandVerify.verify_the_account_is_created(AccountCreationandVerify.java:36)\r\n\tat âœ½.And Verify the account is created(src/test/resources/featurefiles/AccountCreationandVerify.feature:30)\r\nCaused by: java.lang.Throwable: clickOnAccountsDetailTab is unsuccessful\r\n\tat com.brillio.rwr.pageobjects.AccountPage.clickOnAccountsDetailTab(AccountPage.java:106)\r\n\tat com.brillio.rwr.stepdefs.AccountCreationandVerify.verify_the_account_is_created(AccountCreationandVerify.java:36)\r\n\tat sun.reflect.NativeMethodAccessorImpl.invoke0(Native Method)\r\n\tat sun.reflect.NativeMethodAccessorImpl.invoke(NativeMethodAccessorImpl.java:62)\r\n\tat sun.reflect.DelegatingMethodAccessorImpl.invoke(DelegatingMethodAccessorImpl.java:43)\r\n\tat java.lang.reflect.Method.invoke(Method.java:498)\r\n\tat cucumber.runtime.Utils$1.call(Utils.java:40)\r\n\tat cucumber.runtime.Timeout.timeout(Timeout.java:16)\r\n\tat cucumber.runtime.Utils.invoke(Utils.java:34)\r\n\tat cucumber.runtime.java.JavaStepDefinition.execute(JavaStepDefinition.java:38)\r\n\tat cucumber.runtime.StepDefinitionMatch.runStep(StepDefinitionMatch.java:37)\r\n\tat cucumber.runtime.Runtime.runStep(Runtime.java:300)\r\n\tat cucumber.runtime.model.StepContainer.runStep(StepContainer.java:44)\r\n\tat cucumber.runtime.model.StepContainer.runSteps(StepContainer.java:39)\r\n\tat cucumber.runtime.model.CucumberScenario.run(CucumberScenario.java:44)\r\n\tat cucumber.runtime.junit.ExecutionUnitRunner.run(ExecutionUnitRunner.java:102)\r\n\tat cucumber.runtime.junit.FeatureRunner.runChild(FeatureRunner.java:63)\r\n\tat cucumber.runtime.junit.FeatureRunner.runChild(FeatureRunner.java:18)\r\n\tat org.junit.runners.ParentRunner$3.run(ParentRunner.java:290)\r\n\tat org.junit.runners.ParentRunner$1.schedule(ParentRunner.java:71)\r\n\tat org.junit.runners.ParentRunner.runChildren(ParentRunner.java:288)\r\n\tat org.junit.runners.ParentRunner.access$000(ParentRunner.java:58)\r\n\tat org.junit.runners.ParentRunner$2.evaluate(ParentRunner.java:268)\r\n\tat org.junit.runners.ParentRunner.run(ParentRunner.java:363)\r\n\tat cucumber.runtime.junit.FeatureRunner.run(FeatureRunner.java:70)\r\n\tat cucumber.api.junit.Cucumber.runChild(Cucumber.java:95)\r\n\tat cucumber.api.junit.Cucumber.runChild(Cucumber.java:38)\r\n\tat org.junit.runners.ParentRunner$3.run(ParentRunner.java:290)\r\n\tat org.junit.runners.ParentRunner$1.schedule(ParentRunner.java:71)\r\n\tat org.junit.runners.ParentRunner.runChildren(ParentRunner.java:288)\r\n\tat org.junit.runners.ParentRunner.access$000(ParentRunner.java:58)\r\n\tat org.junit.runners.ParentRunner$2.evaluate(ParentRunner.java:268)\r\n\tat org.junit.runners.ParentRunner.run(ParentRunner.java:363)\r\n\tat cucumber.api.junit.Cucumber.run(Cucumber.java:100)\r\n\tat org.eclipse.jdt.internal.junit4.runner.JUnit4TestReference.run(JUnit4TestReference.java:86)\r\n\tat org.eclipse.jdt.internal.junit.runner.TestExecution.run(TestExecution.java:38)\r\n\tat org.eclipse.jdt.internal.junit.runner.RemoteTestRunner.runTests(RemoteTestRunner.java:459)\r\n\tat org.eclipse.jdt.internal.junit.runner.RemoteTestRunner.runTests(RemoteTestRunner.java:678)\r\n\tat org.eclipse.jdt.internal.junit.runner.RemoteTestRunner.run(RemoteTestRunner.java:382)\r\n\tat org.eclipse.jdt.internal.junit.runner.RemoteTestRunner.main(RemoteTestRunner.java:192)\r\n",
              "status": "failed"
            },
            "line": 30,
            "name": "Verify the account is created",
            "match": {
              "location": "AccountCreationandVerify.verify_the_account_is_created()"
            },
            "keyword": "And "
          },
          {
            "result": {
              "status": "skipped"
            },
            "line": 31,
            "name": "Logged from the application",
            "match": {
              "location": "LoginAndVerify.logged_from_the_application()"
            },
            "keyword": "And "
          }
        ],
        "tags": [
          {
            "line": 22,
            "name": "@tag1"
          }
        ]
      }
    ],
    "name": "Account Creation and Verify",
    "description": "",
    "id": "account-creation-and-verify",
    "keyword": "Feature",
    "uri": "src/test/resources/featurefiles/AccountCreationandVerify.feature",
    "tags": [
      {
        "line": 19,
        "name": "@tag"
      }
    ]
  }
]